<?xml version="1.0" encoding="UTF-8"?>
<!-- Generated by org.testng.reporters.JUnitReportReporter -->
<testsuite hostname="DESKTOP-H9L4LLF" failures="0" tests="1" name="com.example.AppTest" time="0.001" errors="0" timestamp="2024-08-01T15:01:55 CEST" skipped="0">
  <testcase classname="com.example.AppTest" name="testApp" time="0.001"/>
  <system-out/>
</testsuite> <!-- com.example.AppTest -->
